Last Post Time: 2012-05-16 14:15:03
token init success!
Access Token is: {'secret': '78d786bc518feb82a3eff5b642d986b4', 'key': '97f8fcff3a958b4e07d5d51cb09798f2'}
Last Post Time: 2012-05-16 14:15:03
token init success!
Access Token is: {'secret': '78d786bc518feb82a3eff5b642d986b4', 'key': '97f8fcff3a958b4e07d5d51cb09798f2'}
Last Post Time: 2012-05-16 14:15:03
token init success!
Access Token is: {'secret': '78d786bc518feb82a3eff5b642d986b4', 'key': '97f8fcff3a958b4e07d5d51cb09798f2'}
Last Post Time: 2012-05-16 14:19:09
token init success!
Access Token is: {'secret': '78d786bc518feb82a3eff5b642d986b4', 'key': '97f8fcff3a958b4e07d5d51cb09798f2'}
SELECT sex,school,message,pub_time FROM sw_messages,sw_users WHERE src!='我' AND src=screen_name AND pub_time>'2012-05-16 14:19:09' ORDER BY pub_time
[]
Total 0 Status
Already Up to Date!
Last Post Time: 2012-05-16 14:19:09
token init success!
Access Token is: {'secret': '78d786bc518feb82a3eff5b642d986b4', 'key': '97f8fcff3a958b4e07d5d51cb09798f2'}
SELECT sex,school,message,pub_time FROM sw_messages,sw_users WHERE src!='我' AND src=screen_name AND pub_time>'2012-05-16 14:19:09' ORDER BY pub_time
[(u'm', u'\u54c8\u5de5\u5927', u'\u4eb2', u'2012-05-16 14:27:02')]
UPDATE sw_app SET cfg_value='2012-05-16 14:27:02' WHERE cfg_name='post_time'
Total 1 Status
