get last time 2012-05-16 14:15:01
request http://weibo.cn/msg/chat/list?tf=5_010&vt=4&gsid=3_5bc09fb302eca01f13a1c6d625abd59685d61ee285!
TOTAL_PAGE_COUNT: 1
Soving Date String: 1分钟前
Soving Date String: 05月15日 20:52
get latest time 2012-05-16 14:19:08
Total 1 Conversations!
Last Post Time: 2012-05-16 14:15:03
token init success!
Access Token is: {'secret': '78d786bc518feb82a3eff5b642d986b4', 'key': '97f8fcff3a958b4e07d5d51cb09798f2'}
request http://weibo.cn/im/chat?uid=1744833900&rl=&vt=4&gsid=3_5bc09fb302eca01f13a1c6d625abd59685d61ee285!
Soving Date String: 1分钟前
Soving Date String: 6分钟前
Final Message Count 1
0 messages existed!
get last time 2012-05-16 14:19:08
request http://weibo.cn/msg/chat/list?tf=5_010&vt=4&gsid=3_5bc09fb302eca01f13a1c6d625abd59685d61ee285!
TOTAL_PAGE_COUNT: 1
Soving Date String: 2分钟前
Soving Date String: 05月15日 20:52
get latest time 2012-05-16 14:20:04
Total 1 Conversations!
Last Post Time: 2012-05-16 14:15:03
token init success!
Access Token is: {'secret': '78d786bc518feb82a3eff5b642d986b4', 'key': '97f8fcff3a958b4e07d5d51cb09798f2'}
request http://weibo.cn/im/chat?uid=1744833900&rl=&vt=4&gsid=3_5bc09fb302eca01f13a1c6d625abd59685d61ee285!
Soving Date String: 2分钟前
Soving Date String: 8分钟前
Final Message Count 1
1 messages existed!
get last time 2012-05-16 14:20:04
request http://weibo.cn/msg/chat/list?tf=5_010&vt=4&gsid=3_5bc09fb302eca01f13a1c6d625abd59685d61ee285!
TOTAL_PAGE_COUNT: 1
Soving Date String: 4分钟前
Already up to date
get last time 2012-05-16 14:20:04
request http://weibo.cn/msg/chat/list?tf=5_010&vt=4&gsid=3_5bc09fb302eca01f13a1c6d625abd59685d61ee285!
TOTAL_PAGE_COUNT: 1
get latest time 2012-05-16 14:27:01
Total 1 Conversations!
Last Post Time: 2012-05-16 14:19:09
token init success!
Access Token is: {'secret': '78d786bc518feb82a3eff5b642d986b4', 'key': '97f8fcff3a958b4e07d5d51cb09798f2'}
request http://weibo.cn/im/chat?uid=1744833900&rl=&vt=4&gsid=3_5bc09fb302eca01f13a1c6d625abd59685d61ee285!
Final Message Count 1
0 messages existed!
get last time 2012-05-16 14:27:01
request http://weibo.cn/msg/chat/list?tf=5_010&vt=4&gsid=3_5bc09fb302eca01f13a1c6d625abd59685d61ee285!
TOTAL_PAGE_COUNT: 1
get latest time 2012-05-16 14:27:12
Total 1 Conversations!
Last Post Time: 2012-05-16 14:27:02
token init success!
Access Token is: {'secret': '78d786bc518feb82a3eff5b642d986b4', 'key': '97f8fcff3a958b4e07d5d51cb09798f2'}
request http://weibo.cn/im/chat?uid=1744833900&rl=&vt=4&gsid=3_5bc09fb302eca01f13a1c6d625abd59685d61ee285!
Final Message Count 1
1 messages existed!
